{"/Users/daofeng/吕肥肥的github/react-sky/components/src/button/index.tsx": {"path":"/Users/daofeng/吕肥肥的github/react-sky/components/src/button/index.tsx","statementMap":{"0":{"start":{"line":1,"column":0},"end":{"line":1,"column":31}},"1":{"start":{"line":2,"column":0},"end":{"line":2,"column":22}},"2":{"start":{"line":21,"column":56},"end":{"line":21,"column":61}},"3":{"start":{"line":23,"column":2},"end":{"line":29,"column":4}},"4":{"start":{"line":32,"column":0},"end":{"line":32,"column":22}}},"fnMap":{"0":{"name":"Button","decl":{"start":{"line":19,"column":9},"end":{"line":19,"column":15}},"loc":{"start":{"line":19,"column":28},"end":{"line":30,"column":1}}},"1":{"name":"(anonymous_1)","decl":{"start":{"line":24,"column":67},"end":{"line":24,"column":79}},"loc":{"start":{"line":24,"column":67},"end":{"line":24,"column":80}}}},"branchMap":{"0":{"loc":{"start":{"line":21,"column":16},"end":{"line":21,"column":25}},"type":"default-arg","locations":[{"start":{"line":21,"column":16},"end":{"line":21,"column":25}}]},"1":{"loc":{"start":{"line":21,"column":36},"end":{"line":21,"column":41}},"type":"default-arg","locations":[{"start":{"line":21,"column":36},"end":{"line":21,"column":41}}]},"2":{"loc":{"start":{"line":24,"column":53},"end":{"line":24,"column":64}},"type":"cond-expr","locations":[{"start":{"line":24,"column":53},"end":{"line":24,"column":64}},{"start":{"line":24,"column":67},"end":{"line":24,"column":80}}]},"3":{"loc":{"start":{"line":25,"column":39},"end":{"line":25,"column":49}},"type":"cond-expr","locations":[{"start":{"line":25,"column":39},"end":{"line":25,"column":49}},{"start":{"line":25,"column":52},"end":{"line":25,"column":57}}]}},"s":{"0":1,"1":1,"2":1,"3":1,"4":1},"f":{"0":1,"1":0},"b":{"0":[0],"1":[0],"2":[0,1],"3":[1,0]}}
}
